<?xml version="1.0" encoding="UTF-8"?>
<!-- Generated by org.testng.reporters.JUnitReportReporter -->
<testsuite skipped="0" hostname="HMZ.local" name="com.testautomation.ExtetReport.ExtentReport" tests="1" failures="0" timestamp="12 May 2019 08:11:47 GMT" time="0.168" errors="0">
  <testcase name="Reporting_hamza" time="0.168" classname="com.testautomation.ExtetReport.ExtentReport"/>
</testsuite> <!-- com.testautomation.ExtetReport.ExtentReport -->
